<?xml version="1.0" encoding="UTF-8"?>
<!-- Generated by org.testng.reporters.JUnitReportReporter -->
<testsuite hostname="Shashwats-Laptop" failures="0" tests="2" name="E2EFramework.SeleniumFramewor.HomePage" time="12.850" errors="0" timestamp="2020-11-26T20:17:08 IST" skipped="0">
  <testcase classname="E2EFramework.SeleniumFramewor.HomePage" name="basePageNavigation" time="3.238"/>
  <system-out/>
  <testcase classname="E2EFramework.SeleniumFramewor.HomePage" name="basePageNavigation" time="9.612"/>
  <system-out/>
</testsuite> <!-- E2EFramework.SeleniumFramewor.HomePage -->
